<?xml version="1.0" encoding="UTF-8"?>
<TestRun id="e72239bc-4f53-47a7-96c7-72863249c8ce" name="Student@10266A-GEN-DEV 2022-06-29 01:26:56" runUser="10266A-GEN-DEV\Student" xmlns="http://microsoft.com/schemas/VisualStudio/TeamTest/2010">
  <TestSettings name="Local" id="d091077b-0f37-40bc-9f73-bce729aa63a3">
    <Description>These are default test settings for a local test run.</Description>
    <Deployment enabled="false" runDeploymentRoot="Student_10266A-GEN-DEV 2022-06-29 01_26_56">
      <DeploymentItem filename="E:\Labfiles\Lab 3\Ex3\Starter\GreatestCommonDivisor\bin\Debug\Module3.exe" />
    </Deployment>
    <Execution>
      <TestTypeSpecific />
      <AgentRule name="Execution Agents">
      </AgentRule>
    </Execution>
  </TestSettings>
  <Times creation="2022-06-29T01:26:56.7685547-07:00" queuing="2022-06-29T01:26:56.7724609-07:00" start="2022-06-29T01:26:56.7783203-07:00" finish="2022-06-29T01:26:56.9179687-07:00" />
  <ResultSummary outcome="Completed">
    <Counters total="1" executed="1" passed="1" error="0" failed="0" timeout="0" aborted="0" inconclusive="0" passedButRunAborted="0" notRunnable="0" notExecuted="0" disconnected="0" warning="0" completed="0" inProgress="0" pending="0" />
  </ResultSummary>
  <TestDefinitions>
    <UnitTest name="FindGCDSteinTest" storage="e:\labfiles\lab 3\ex3\starter\gcd unit test project\bin\debug\module 3 unit test project.dll" id="c7a1273d-67c3-abd7-b6bf-fab57df68e23">
      <Execution id="c5841571-3179-4a5b-9003-fb4e3abcf5be" />
      <TestMethod codeBase="E:/Labfiles/Lab 3/Ex3/Starter/GCD Unit Test Project/bin/Debug/Module 3 Unit Test Project.DLL" adapterTypeName="Microsoft.VisualStudio.TestTools.TestTypes.Unit.UnitTestAdapter, Microsoft.VisualStudio.QualityTools.Tips.UnitTest.Adapter, Version=10.0.0.0, Culture=neutral, PublicKeyToken=b03f5f7f11d50a3a" className="Module_3_Unit_Test_Project.GCDAlgorithmsTest, Module 3 Unit Test Project, Version=1.0.0.0, Culture=neutral, PublicKeyToken=null" name="FindGCDSteinTest" />
    </UnitTest>
  </TestDefinitions>
  <TestLists>
    <TestList name="Results Not in a List" id="8c84fa94-04c1-424b-9868-57a2d4851a1d" />
    <TestList name="All Loaded Results" id="19431567-8539-422a-85d7-44ee4e166bda" />
  </TestLists>
  <TestEntries>
    <TestEntry testId="c7a1273d-67c3-abd7-b6bf-fab57df68e23" executionId="c5841571-3179-4a5b-9003-fb4e3abcf5be" testListId="8c84fa94-04c1-424b-9868-57a2d4851a1d" />
  </TestEntries>
  <Results>
    <UnitTestResult executionId="c5841571-3179-4a5b-9003-fb4e3abcf5be" testId="c7a1273d-67c3-abd7-b6bf-fab57df68e23" testName="FindGCDSteinTest" computerName="10266A-GEN-DEV" duration="00:00:00.0080719" startTime="2022-06-29T01:26:56.7841797-07:00" endTime="2022-06-29T01:26:56.8730468-07:00" testType="13cdc9d9-ddb5-4fa4-a97d-d965ccfc6d4b" outcome="Passed" testListId="8c84fa94-04c1-424b-9868-57a2d4851a1d" relativeResultsDirectory="c5841571-3179-4a5b-9003-fb4e3abcf5be">
    </UnitTestResult>
  </Results>
</TestRun>